<?xml version="1.0" encoding="UTF-8"?>
<testng-results ignored="0" total="1" passed="1" failed="0" skipped="0">
  <reporter-output>
  </reporter-output>
  <suite started-at="2021-01-14T11:35:33Z" name="Tests" finished-at="2021-01-14T11:35:51Z" duration-ms="18869">
    <groups>
    </groups>
    <test started-at="2021-01-14T11:35:33Z" name="Command line test" finished-at="2021-01-14T11:35:51Z" duration-ms="18869">
      <class name="Tests">
        <test-method is-config="true" signature="login()[pri:0, instance:Tests@f001896]" started-at="2021-01-14T11:35:33Z" name="login" finished-at="2021-01-14T11:35:39Z" duration-ms="6771" status="PASS">
          <reporter-output>
          </reporter-output>
        </test-method> <!-- login -->
        <test-method signature="test()[pri:0, instance:Tests@f001896]" started-at="2021-01-14T11:35:39Z" name="test" description="work with domains" finished-at="2021-01-14T11:35:51Z" duration-ms="11938" status="PASS">
          <reporter-output>
          </reporter-output>
        </test-method> <!-- test -->
      </class> <!-- Tests -->
    </test> <!-- Command line test -->
  </suite> <!-- Tests -->
</testng-results>
