<?xml version="1.0" encoding="UTF-8"?>
<testng-results ignored="0" total="1" passed="1" failed="0" skipped="0">
  <reporter-output>
  </reporter-output>
  <suite started-at="2021-01-14T09:30:04Z" name="Tests" finished-at="2021-01-14T09:30:24Z" duration-ms="19346">
    <groups>
    </groups>
    <test started-at="2021-01-14T09:30:04Z" name="Command line test" finished-at="2021-01-14T09:30:24Z" duration-ms="19346">
      <class name="Tests">
        <test-method is-config="true" signature="login()[pri:0, instance:Tests@5bc9ba1d]" started-at="2021-01-14T09:30:04Z" name="login" finished-at="2021-01-14T09:30:11Z" duration-ms="6750" status="PASS">
          <reporter-output>
          </reporter-output>
        </test-method> <!-- login -->
        <test-method signature="test()[pri:0, instance:Tests@5bc9ba1d]" started-at="2021-01-14T09:30:11Z" name="test" description="work with domains" finished-at="2021-01-14T09:30:23Z" duration-ms="12351" status="PASS">
          <reporter-output>
          </reporter-output>
        </test-method> <!-- test -->
        <test-method is-config="true" signature="tearDown()[pri:0, instance:Tests@5bc9ba1d]" started-at="2021-01-14T09:30:24Z" name="tearDown" finished-at="2021-01-14T09:30:24Z" duration-ms="96" status="PASS">
          <reporter-output>
          </reporter-output>
        </test-method> <!-- tearDown -->
      </class> <!-- Tests -->
    </test> <!-- Command line test -->
  </suite> <!-- Tests -->
</testng-results>
